SLF4J: Class path contains multiple SLF4J bindings.
SLF4J: Found binding in [jar:file:/C:/Users/keria/.m2/repository/org/apache/jena/jena-fuseki-server/4.6.1/jena-fuseki-server-4.6.1.jar!/org/slf4j/impl/StaticLoggerBinder.class]
SLF4J: Found binding in [jar:file:/C:/Users/keria/.m2/repository/org/apache/logging/log4j/log4j-slf4j-impl/2.18.0/log4j-slf4j-impl-2.18.0.jar!/org/slf4j/impl/StaticLoggerBinder.class]
SLF4J: See http://www.slf4j.org/codes.html#multiple_bindings for an explanation.
SLF4J: Actual binding is of type [org.apache.logging.slf4j.Log4jLoggerFactory]
[2025-03-31 15:21:55] Server     INFO  Apache Jena Fuseki 4.6.1
[2025-03-31 15:21:55] Server     INFO  Incoming connections limited to localhost
[2025-03-31 15:22:03] Config     INFO  FUSEKI_HOME=C:\Users\keria\OneDrive\Documents\DTOnto\.fuseki\.
[2025-03-31 15:22:03] Config     INFO  FUSEKI_BASE=C:\Users\keria\OneDrive\Documents\DTOnto\.fuseki\run
[2025-03-31 15:22:03] Config     INFO  Shiro file: file://C:\Users\keria\OneDrive\Documents\DTOnto\.fuseki\run\shiro.ini
[2025-03-31 15:22:05] Server     INFO  Path = /DTDF
[2025-03-31 15:22:05] Server     INFO  System
[2025-03-31 15:22:05] Server     INFO    Memory: 7.9 GiB
[2025-03-31 15:22:05] Server     INFO    Java:   17.0.13
[2025-03-31 15:22:05] Server     INFO    OS:     Windows 11 10.0 amd64
[2025-03-31 15:22:05] Server     INFO    PID:    115864
[2025-03-31 15:22:05] Server     INFO  Started 2025/03/31 15:22:05 EDT on port 3030
[2025-03-31 15:22:17] Fuseki     INFO  [1] GET http://localhost:3030/DTDF/sparql?query=select%20?g%20%7B%20graph%20?g%20%7B%20?o%20a%20%3Chttp://www.w3.org/2002/07/owl%23Ontology%3E%20%7D%20%7D
[2025-03-31 15:22:17] Fuseki     INFO  [1] Query = select ?g { graph ?g { ?o a <http://www.w3.org/2002/07/owl#Ontology> } }
[2025-03-31 15:22:17] Fuseki     INFO  [1] 200 OK (21 ms)
[2025-03-31 15:22:17] Fuseki     INFO  [5] PUT http://localhost:3030/DTDF?graph=https://bentleyjoakes.github.io/bundles/descBundle/individuals
[2025-03-31 15:22:17] Fuseki     INFO  [2] PUT http://localhost:3030/DTDF?graph=https://bentleyjoakes.github.io/incubator/incubator_dt
[2025-03-31 15:22:17] Fuseki     INFO  [4] PUT http://localhost:3030/DTDF?graph=https://bentleyjoakes.github.io/DTaaS/RabbitMQVocab
[2025-03-31 15:22:17] Fuseki     INFO  [6] PUT http://localhost:3030/DTDF?graph=https://bentleyjoakes.github.io/incubator/incubator_deploy
[2025-03-31 15:22:17] Fuseki     INFO  [3] PUT http://localhost:3030/DTDF?graph=https://bentleyjoakes.github.io/bundles/descBundle
[2025-03-31 15:22:17] Fuseki     INFO  [8] PUT http://localhost:3030/DTDF?graph=https://bentleyjoakes.github.io/DTDF/vocab/base
[2025-03-31 15:22:17] Fuseki     INFO  [7] PUT http://localhost:3030/DTDF?graph=https://bentleyjoakes.github.io/bundles/descBundle/properties
[2025-03-31 15:22:17] Fuseki     INFO  [9] PUT http://localhost:3030/DTDF?graph=https://bentleyjoakes.github.io/incubator/incubator_pt
[2025-03-31 15:22:17] Fuseki     INFO  [10] PUT http://localhost:3030/DTDF?graph=https://bentleyjoakes.github.io/DTDF/vocab/DTDFVocab
[2025-03-31 15:22:17] Fuseki     INFO  [11] PUT http://localhost:3030/DTDF?graph=https://bentleyjoakes.github.io/DTaaS/Location
[2025-03-31 15:22:17] Fuseki     INFO  [12] PUT http://localhost:3030/DTDF?graph=https://bentleyjoakes.github.io/DTDF/desc/baseDesc
[2025-03-31 15:22:17] Fuseki     INFO  [13] PUT http://localhost:3030/DTDF?graph=http://purl.org/dc/elements/1.1
[2025-03-31 15:22:17] Fuseki     INFO  [14] PUT http://localhost:3030/DTDF?graph=https://bentleyjoakes.github.io/bundles/descBundle/classes
[2025-03-31 15:22:17] Fuseki     INFO  [6] Body: Content-Length=8750, Content-Type=application/rdf+xml, Charset=null => RDF/XML : Count=55 Triples=55 Quads=0
[2025-03-31 15:22:17] Fuseki     INFO  [6] 201 Created (76 ms)
[2025-03-31 15:22:17] Fuseki     INFO  [10] Body: Content-Length=89790, Content-Type=application/rdf+xml, Charset=null => RDF/XML : Count=782 Triples=782 Quads=0
[2025-03-31 15:22:17] Fuseki     INFO  [10] 201 Created (171 ms)
[2025-03-31 15:22:17] Fuseki     INFO  [3] Body: Content-Length=1316, Content-Type=application/rdf+xml, Charset=null => RDF/XML : Count=7 Triples=7 Quads=0
[2025-03-31 15:22:17] Fuseki     INFO  [3] 201 Created (177 ms)
[2025-03-31 15:22:17] Fuseki     INFO  [5] Body: Content-Length=62869, Content-Type=text/turtle, Charset=null => Turtle : Count=693 Triples=693 Quads=0
[2025-03-31 15:22:17] Fuseki     INFO  [5] 201 Created (240 ms)
[2025-03-31 15:22:17] Fuseki     INFO  [4] Body: Content-Length=22874, Content-Type=application/rdf+xml, Charset=null => RDF/XML : Count=188 Triples=188 Quads=0
[2025-03-31 15:22:17] Fuseki     INFO  [4] 201 Created (260 ms)
[2025-03-31 15:22:17] Fuseki     INFO  [9] Body: Content-Length=12398, Content-Type=application/rdf+xml, Charset=null => RDF/XML : Count=87 Triples=87 Quads=0
[2025-03-31 15:22:17] Fuseki     INFO  [9] 201 Created (277 ms)
[2025-03-31 15:22:17] Fuseki     INFO  [2] Body: Content-Length=23542, Content-Type=application/rdf+xml, Charset=null => RDF/XML : Count=172 Triples=172 Quads=0
[2025-03-31 15:22:17] Fuseki     INFO  [2] 201 Created (297 ms)
[2025-03-31 15:22:17] Fuseki     INFO  [7] Body: Content-Length=17191, Content-Type=text/turtle, Charset=null => Turtle : Count=182 Triples=182 Quads=0
[2025-03-31 15:22:17] Fuseki     INFO  [7] 201 Created (318 ms)
[2025-03-31 15:22:17] Fuseki     INFO  [8] Body: Content-Length=11556, Content-Type=application/rdf+xml, Charset=null => RDF/XML : Count=88 Triples=88 Quads=0
[2025-03-31 15:22:17] Fuseki     INFO  [8] 201 Created (343 ms)
[2025-03-31 15:22:17] Fuseki     INFO  [11] Body: Content-Length=1815, Content-Type=application/rdf+xml, Charset=null => RDF/XML : Count=9 Triples=9 Quads=0
[2025-03-31 15:22:17] Fuseki     INFO  [11] 201 Created (351 ms)
[2025-03-31 15:22:17] Fuseki     INFO  [12] Body: Content-Length=3603, Content-Type=application/rdf+xml, Charset=null => RDF/XML : Count=22 Triples=22 Quads=0
[2025-03-31 15:22:17] Fuseki     INFO  [12] 201 Created (358 ms)
[2025-03-31 15:22:17] Fuseki     INFO  [13] Body: Content-Length=4083, Content-Type=application/rdf+xml, Charset=null => RDF/XML : Count=27 Triples=27 Quads=0
[2025-03-31 15:22:17] Fuseki     INFO  [13] 201 Created (366 ms)
[2025-03-31 15:22:17] Fuseki     INFO  [14] Body: Content-Length=23460, Content-Type=text/turtle, Charset=null => Turtle : Count=271 Triples=271 Quads=0
[2025-03-31 15:22:17] Fuseki     INFO  [14] 201 Created (382 ms)
[2025-03-31 15:22:18] Fuseki     INFO  [15] GET http://127.0.0.1:3030/DTDF/sparql?query=PREFIX%20DTDFvocab%3A%20%20%20%3Chttps%3A%2F%2Fbentleyjoakes.github.io%2FDTDF%2Fvocab%2FDTDFVocab%23%3E%0APREFIX%20rdfs%3A%20%20%20%20%20%20%20%20%3Chttp%3A%2F%2Fwww.w3.org%2F2000%2F01%2Frdf-schema%23%3E%0A%0ASELECT%20%2A%0AWHERE%20%7B%0A%09%3Fservice%20a%20DTDFvocab%3AService%20.%0A%09OPTIONAL%20%7B%3Fservice%20%3Fattribute%20%3Fvalue%7D%0A%7D
[2025-03-31 15:22:18] Fuseki     INFO  [15] Query = PREFIX DTDFvocab:   <https://bentleyjoakes.github.io/DTDF/vocab/DTDFVocab#> PREFIX rdfs:        <http://www.w3.org/2000/01/rdf-schema#>  SELECT * WHERE { 	?service a DTDFvocab:Service . 	OPTIONAL {?service ?attribute ?value} }
[2025-03-31 15:22:18] Fuseki     INFO  [15] 200 OK (23 ms)
[2025-03-31 15:22:19] Fuseki     INFO  [16] GET http://127.0.0.1:3030/DTDF/sparql?query=PREFIX%20DTDFvocab%3A%20%20%20%3Chttps%3A%2F%2Fbentleyjoakes.github.io%2FDTDF%2Fvocab%2FDTDFVocab%23%3E%0APREFIX%20rdfs%3A%20%20%20%20%20%20%20%20%3Chttp%3A%2F%2Fwww.w3.org%2F2000%2F01%2Frdf-schema%23%3E%0A%0ASELECT%20%2A%0AWHERE%20%7B%0A%09%3Fenabler%20a%20DTDFvocab%3AEnabler%20.%0A%09OPTIONAL%20%7B%3Fenabler%20%3Fattribute%20%3Fvalue%7D%0A%7D
[2025-03-31 15:22:19] Fuseki     INFO  [16] Query = PREFIX DTDFvocab:   <https://bentleyjoakes.github.io/DTDF/vocab/DTDFVocab#> PREFIX rdfs:        <http://www.w3.org/2000/01/rdf-schema#>  SELECT * WHERE { 	?enabler a DTDFvocab:Enabler . 	OPTIONAL {?enabler ?attribute ?value} }
[2025-03-31 15:22:19] Fuseki     INFO  [16] 200 OK (13 ms)
[2025-03-31 15:22:19] Fuseki     INFO  [17] GET http://127.0.0.1:3030/DTDF/sparql?query=PREFIX%20DTDFvocab%3A%20%20%20%3Chttps%3A%2F%2Fbentleyjoakes.github.io%2FDTDF%2Fvocab%2FDTDFVocab%23%3E%0APREFIX%20rdfs%3A%20%20%20%20%20%20%20%20%3Chttp%3A%2F%2Fwww.w3.org%2F2000%2F01%2Frdf-schema%23%3E%0A%0ASELECT%20%2A%0AWHERE%20%7B%0A%09%3Fmodel%20a%20DTDFvocab%3AModel%20.%0A%09OPTIONAL%20%7B%3Fmodel%20%3Fattribute%20%3Fvalue%7D%0A%7D
[2025-03-31 15:22:19] Fuseki     INFO  [17] Query = PREFIX DTDFvocab:   <https://bentleyjoakes.github.io/DTDF/vocab/DTDFVocab#> PREFIX rdfs:        <http://www.w3.org/2000/01/rdf-schema#>  SELECT * WHERE { 	?model a DTDFvocab:Model . 	OPTIONAL {?model ?attribute ?value} }
[2025-03-31 15:22:19] Fuseki     INFO  [17] 200 OK (11 ms)
[2025-03-31 15:22:19] Fuseki     INFO  [18] GET http://127.0.0.1:3030/DTDF/sparql?query=PREFIX%20DTDFvocab%3A%20%20%20%3Chttps%3A%2F%2Fbentleyjoakes.github.io%2FDTDF%2Fvocab%2FDTDFVocab%23%3E%0APREFIX%20rdfs%3A%20%20%20%20%20%20%20%20%3Chttp%3A%2F%2Fwww.w3.org%2F2000%2F01%2Frdf-schema%23%3E%0A%0ASELECT%20%2A%0AWHERE%20%7B%0A%09%3FdataT%20a%20DTDFvocab%3ADataTransmitted%20.%0A%09OPTIONAL%20%7B%3FdataT%20%3Fattribute%20%3Fvalue%7D%0A%7D
[2025-03-31 15:22:19] Fuseki     INFO  [18] Query = PREFIX DTDFvocab:   <https://bentleyjoakes.github.io/DTDF/vocab/DTDFVocab#> PREFIX rdfs:        <http://www.w3.org/2000/01/rdf-schema#>  SELECT * WHERE { 	?dataT a DTDFvocab:DataTransmitted . 	OPTIONAL {?dataT ?attribute ?value} }
[2025-03-31 15:22:19] Fuseki     INFO  [18] 200 OK (7 ms)
[2025-03-31 15:22:19] Fuseki     INFO  [19] GET http://127.0.0.1:3030/DTDF/sparql?query=PREFIX%20DTDFvocab%3A%20%20%20%3Chttps%3A%2F%2Fbentleyjoakes.github.io%2FDTDF%2Fvocab%2FDTDFVocab%23%3E%0APREFIX%20rdfs%3A%20%20%20%20%20%20%20%20%3Chttp%3A%2F%2Fwww.w3.org%2F2000%2F01%2Frdf-schema%23%3E%0A%0ASELECT%20%2A%0AWHERE%20%7B%0A%09%3Fprovided%20a%20DTDFvocab%3AProvidedThing%20.%0A%09OPTIONAL%20%7B%3Fprovided%20%3Fattribute%20%3Fvalue%7D%0A%7D
[2025-03-31 15:22:19] Fuseki     INFO  [19] Query = PREFIX DTDFvocab:   <https://bentleyjoakes.github.io/DTDF/vocab/DTDFVocab#> PREFIX rdfs:        <http://www.w3.org/2000/01/rdf-schema#>  SELECT * WHERE { 	?provided a DTDFvocab:ProvidedThing . 	OPTIONAL {?provided ?attribute ?value} }
[2025-03-31 15:22:19] Fuseki     INFO  [19] 200 OK (9 ms)
[2025-03-31 15:22:19] Fuseki     INFO  [20] GET http://127.0.0.1:3030/DTDF/sparql?query=PREFIX%20DTDFvocab%3A%20%20%20%3Chttps%3A%2F%2Fbentleyjoakes.github.io%2FDTDF%2Fvocab%2FDTDFVocab%23%3E%0APREFIX%20rdfs%3A%20%20%20%20%20%20%20%20%3Chttp%3A%2F%2Fwww.w3.org%2F2000%2F01%2Frdf-schema%23%3E%0A%0ASELECT%20%2A%0AWHERE%20%7B%0A%09%3Fsensor%20a%20DTDFvocab%3ASensingComponent%20.%0A%09OPTIONAL%20%7B%3Fsensor%20%3Fattribute%20%3Fvalue%7D%0A%7D
[2025-03-31 15:22:19] Fuseki     INFO  [20] Query = PREFIX DTDFvocab:   <https://bentleyjoakes.github.io/DTDF/vocab/DTDFVocab#> PREFIX rdfs:        <http://www.w3.org/2000/01/rdf-schema#>  SELECT * WHERE { 	?sensor a DTDFvocab:SensingComponent . 	OPTIONAL {?sensor ?attribute ?value} }
[2025-03-31 15:22:19] Fuseki     INFO  [20] 200 OK (6 ms)
[2025-03-31 15:22:19] Fuseki     INFO  [21] GET http://127.0.0.1:3030/DTDF/sparql?query=PREFIX%20DTDFvocab%3A%20%20%20%3Chttps%3A%2F%2Fbentleyjoakes.github.io%2FDTDF%2Fvocab%2FDTDFVocab%23%3E%0APREFIX%20rdfs%3A%20%20%20%20%20%20%20%20%3Chttp%3A%2F%2Fwww.w3.org%2F2000%2F01%2Frdf-schema%23%3E%0APREFIX%20base%3A%20%20%20%20%20%20%20%20%3Chttps%3A%2F%2Fbentleyjoakes.github.io%2FDTDF%2Fvocab%2Fbase%23%3E%0A%0ASELECT%20%3Fenv%20%3Fattribute%20%3Fvalue%0AWHERE%20%7B%0A%09%3Fsus%20a%20DTDFvocab%3ASystemUnderStudy%20.%0A%09%3Fsus%20DTDFvocab%3AhasEnvironment%20%3FenvS%20.%0A%09%3Fenv%20base%3AisContainedIn%20%3FenvS%20.%0A%09OPTIONAL%20%7B%3Fenv%20%3Fattribute%20%3Fvalue%7D%0A%7D
[2025-03-31 15:22:19] Fuseki     INFO  [21] Query = PREFIX DTDFvocab:   <https://bentleyjoakes.github.io/DTDF/vocab/DTDFVocab#> PREFIX rdfs:        <http://www.w3.org/2000/01/rdf-schema#> PREFIX base:        <https://bentleyjoakes.github.io/DTDF/vocab/base#>  SELECT ?env ?attribute ?value WHERE { 	?sus a DTDFvocab:SystemUnderStudy . 	?sus DTDFvocab:hasEnvironment ?envS . 	?env base:isContainedIn ?envS . 	OPTIONAL {?env ?attribute ?value} }
[2025-03-31 15:22:19] Fuseki     INFO  [21] 200 OK (7 ms)
[2025-03-31 15:22:19] Fuseki     INFO  [22] GET http://127.0.0.1:3030/DTDF/sparql?query=PREFIX%20DTDFvocab%3A%20%20%20%3Chttps%3A%2F%2Fbentleyjoakes.github.io%2FDTDF%2Fvocab%2FDTDFVocab%23%3E%0APREFIX%20rdfs%3A%20%20%20%20%20%20%20%20%3Chttp%3A%2F%2Fwww.w3.org%2F2000%2F01%2Frdf-schema%23%3E%0APREFIX%20base%3A%20%20%20%20%20%20%20%20%3Chttps%3A%2F%2Fbentleyjoakes.github.io%2FDTDF%2Fvocab%2Fbase%23%3E%0A%0ASELECT%20%3FsysComponent%20%3Fattribute%20%3Fvalue%0AWHERE%20%7B%0A%09%3Fsus%20a%20DTDFvocab%3ASystemUnderStudy%20.%0A%09%3Fsus%20DTDFvocab%3AhasSystem%20%3Fsys%20.%0A%09%3FsysComponent%20base%3AisContainedIn%20%3Fsys%20.%0A%09OPTIONAL%20%7B%3FsysComponent%20%3Fattribute%20%3Fvalue%7D%0A%7D
[2025-03-31 15:22:19] Fuseki     INFO  [22] Query = PREFIX DTDFvocab:   <https://bentleyjoakes.github.io/DTDF/vocab/DTDFVocab#> PREFIX rdfs:        <http://www.w3.org/2000/01/rdf-schema#> PREFIX base:        <https://bentleyjoakes.github.io/DTDF/vocab/base#>  SELECT ?sysComponent ?attribute ?value WHERE { 	?sus a DTDFvocab:SystemUnderStudy . 	?sus DTDFvocab:hasSystem ?sys . 	?sysComponent base:isContainedIn ?sys . 	OPTIONAL {?sysComponent ?attribute ?value} }
[2025-03-31 15:22:19] Fuseki     INFO  [22] 200 OK (8 ms)
[2025-03-31 15:22:19] Fuseki     INFO  [23] GET http://127.0.0.1:3030/DTDF/sparql?query=PREFIX%20DTDFvocab%3A%20%20%20%3Chttps%3A%2F%2Fbentleyjoakes.github.io%2FDTDF%2Fvocab%2FDTDFVocab%23%3E%0APREFIX%20rdfs%3A%20%20%20%20%20%20%20%20%3Chttp%3A%2F%2Fwww.w3.org%2F2000%2F01%2Frdf-schema%23%3E%0A%0ASELECT%20%2A%0AWHERE%20%7B%0A%09%3Fdata%20a%20DTDFvocab%3AData%20.%0A%09OPTIONAL%20%7B%3Fdata%20%3Fattribute%20%3Fvalue%7D%0A%7D
[2025-03-31 15:22:19] Fuseki     INFO  [23] Query = PREFIX DTDFvocab:   <https://bentleyjoakes.github.io/DTDF/vocab/DTDFVocab#> PREFIX rdfs:        <http://www.w3.org/2000/01/rdf-schema#>  SELECT * WHERE { 	?data a DTDFvocab:Data . 	OPTIONAL {?data ?attribute ?value} }
[2025-03-31 15:22:19] Fuseki     INFO  [23] 200 OK (6 ms)
[2025-03-31 15:22:19] Fuseki     INFO  [24] GET http://127.0.0.1:3030/DTDF/sparql?query=PREFIX%20rabbit%3A%09%09%3Chttps%3A%2F%2Fbentleyjoakes.github.io%2FDTaaS%2FRabbitMQVocab%23%3E%0A%0ASELECT%20%3Fexc%20%3Fattribute%20%3Fvalue%0AWHERE%20%7B%0A%09%3Fexc%20a%20rabbit%3AExchangeName%20.%0A%09%3Fexc%20%3Fattribute%20%3Fvalue%0A%7D
[2025-03-31 15:22:19] Fuseki     INFO  [24] Query = PREFIX rabbit:		<https://bentleyjoakes.github.io/DTaaS/RabbitMQVocab#>  SELECT ?exc ?attribute ?value WHERE { 	?exc a rabbit:ExchangeName . 	?exc ?attribute ?value }
[2025-03-31 15:22:19] Fuseki     INFO  [24] 200 OK (6 ms)
[2025-03-31 15:22:19] Fuseki     INFO  [25] GET http://127.0.0.1:3030/DTDF/sparql?query=PREFIX%20rabbit%3A%09%09%3Chttps%3A%2F%2Fbentleyjoakes.github.io%2FDTaaS%2FRabbitMQVocab%23%3E%0A%0ASELECT%20%3Froute%20%3Fattribute%20%3Fvalue%0AWHERE%20%7B%0A%09%3Froute%20a%20rabbit%3ARoutingKey%20%20.%0A%09%3Froute%20%3Fattribute%20%3Fvalue%0A%7D
[2025-03-31 15:22:19] Fuseki     INFO  [25] Query = PREFIX rabbit:		<https://bentleyjoakes.github.io/DTaaS/RabbitMQVocab#>  SELECT ?route ?attribute ?value WHERE { 	?route a rabbit:RoutingKey  . 	?route ?attribute ?value }
[2025-03-31 15:22:19] Fuseki     INFO  [25] 200 OK (5 ms)
[2025-03-31 15:22:19] Fuseki     INFO  [26] GET http://127.0.0.1:3030/DTDF/sparql?query=PREFIX%20rabbit%3A%09%09%3Chttps%3A%2F%2Fbentleyjoakes.github.io%2FDTaaS%2FRabbitMQVocab%23%3E%0A%0ASELECT%20%3Fsource%20%3Fattribute%20%3Fvalue%0AWHERE%20%7B%0A%09%3Fsource%20a%20rabbit%3ASource%20%20.%0A%09%3Fsource%20%3Fattribute%20%3Fvalue%0A%7D
[2025-03-31 15:22:19] Fuseki     INFO  [26] Query = PREFIX rabbit:		<https://bentleyjoakes.github.io/DTaaS/RabbitMQVocab#>  SELECT ?source ?attribute ?value WHERE { 	?source a rabbit:Source  . 	?source ?attribute ?value }
[2025-03-31 15:22:19] Fuseki     INFO  [26] 200 OK (5 ms)
[2025-03-31 15:22:19] Fuseki     INFO  [27] GET http://127.0.0.1:3030/DTDF/sparql?query=PREFIX%20rabbit%3A%09%09%3Chttps%3A%2F%2Fbentleyjoakes.github.io%2FDTaaS%2FRabbitMQVocab%23%3E%0A%0ASELECT%20%3Fml%20%3Fattribute%20%3Fvalue%0AWHERE%20%7B%0A%09%3Fml%20a%20rabbit%3AMessageListener%20%20%20.%0A%09%3Fml%20%3Fattribute%20%3Fvalue%0A%7D
[2025-03-31 15:22:19] Fuseki     INFO  [27] Query = PREFIX rabbit:		<https://bentleyjoakes.github.io/DTaaS/RabbitMQVocab#>  SELECT ?ml ?attribute ?value WHERE { 	?ml a rabbit:MessageListener   . 	?ml ?attribute ?value }
[2025-03-31 15:22:19] Fuseki     INFO  [27] 200 OK (6 ms)
